<?xml version="1.0" encoding="UTF-8"?>
<coverage generated="1643935121068" clover="3.2.0">
  <project timestamp="1643935121069" name="All files">
    <metrics statements="38" coveredstatements="35" conditionals="9" coveredconditionals="7" methods="14" coveredmethods="14" elements="61" coveredelements="56" complexity="0" loc="38" ncloc="38" packages="2" files="5" classes="5"/>
    <package name="lib">
      <metrics statements="20" coveredstatements="20" conditionals="5" coveredconditionals="5" methods="10" coveredmethods="10"/>
      <file name="calculate.js" path="C:\Users\Notandi\Documents\AAA Háskóli\Vefforritun 2\vefforritun2verkefni1\lib\calculate.js">
        <metrics statements="2" coveredstatements="2" conditionals="0" coveredconditionals="0" methods="1" coveredmethods="1"/>
        <line num="11" count="2" type="stmt"/>
        <line num="22" count="2" type="stmt"/>
      </file>
      <file name="filereader.js" path="C:\Users\Notandi\Documents\AAA Háskóli\Vefforritun 2\vefforritun2verkefni1\lib\filereader.js">
        <metrics statements="7" coveredstatements="7" conditionals="0" coveredconditionals="0" methods="1" coveredmethods="1"/>
        <line num="4" count="3" type="stmt"/>
        <line num="5" count="3" type="stmt"/>
        <line num="6" count="3" type="stmt"/>
        <line num="8" count="1" type="stmt"/>
        <line num="9" count="1" type="stmt"/>
        <line num="11" count="2" type="stmt"/>
        <line num="12" count="2" type="stmt"/>
      </file>
      <file name="parser.js" path="C:\Users\Notandi\Documents\AAA Háskóli\Vefforritun 2\vefforritun2verkefni1\lib\parser.js">
        <metrics statements="11" coveredstatements="11" conditionals="5" coveredconditionals="5" methods="8" coveredmethods="8"/>
        <line num="2" count="14" type="cond" truecount="5" falsecount="0"/>
        <line num="3" count="1" type="stmt"/>
        <line num="5" count="13" type="stmt"/>
        <line num="10" count="14" type="stmt"/>
        <line num="11" count="13" type="stmt"/>
        <line num="12" count="13" type="stmt"/>
        <line num="13" count="13" type="stmt"/>
        <line num="14" count="4" type="stmt"/>
        <line num="18" count="4" type="stmt"/>
        <line num="19" count="7" type="stmt"/>
        <line num="20" count="4" type="stmt"/>
      </file>
    </package>
    <package name="src">
      <metrics statements="18" coveredstatements="15" conditionals="4" coveredconditionals="2" methods="4" coveredmethods="4"/>
      <file name="make_dataset_html.js" path="C:\Users\Notandi\Documents\AAA Háskóli\Vefforritun 2\vefforritun2verkefni1\src\make_dataset_html.js">
        <metrics statements="12" coveredstatements="10" conditionals="4" coveredconditionals="2" methods="2" coveredmethods="2"/>
        <line num="7" count="1" type="stmt"/>
        <line num="8" count="1" type="stmt"/>
        <line num="9" count="1" type="cond" truecount="1" falsecount="1"/>
        <line num="10" count="1" type="stmt"/>
        <line num="12" count="1" type="stmt"/>
        <line num="14" count="1" type="cond" truecount="1" falsecount="1"/>
        <line num="15" count="1" type="stmt"/>
        <line num="33" count="8" type="stmt"/>
        <line num="48" count="0" type="stmt"/>
        <line num="65" count="1" type="stmt"/>
        <line num="66" count="1" type="stmt"/>
        <line num="68" count="0" type="stmt"/>
      </file>
      <file name="make_index_html.js" path="C:\Users\Notandi\Documents\AAA Háskóli\Vefforritun 2\vefforritun2verkefni1\src\make_index_html.js">
        <metrics statements="6" coveredstatements="5" conditionals="0" coveredconditionals="0" methods="2" coveredmethods="2"/>
        <line num="4" count="1" type="stmt"/>
        <line num="5" count="1" type="stmt"/>
        <line num="19" count="12" type="stmt"/>
        <line num="27" count="1" type="stmt"/>
        <line num="28" count="1" type="stmt"/>
        <line num="30" count="0" type="stmt"/>
      </file>
    </package>
  </project>
</coverage>
