{"C:\\Users\\Notandi\\Documents\\AAA Háskóli\\Vefforritun 2\\vefforritun2verkefni1\\lib\\calculate.js": {"path":"C:\\Users\\Notandi\\Documents\\AAA Háskóli\\Vefforritun 2\\vefforritun2verkefni1\\lib\\calculate.js","statementMap":{"0":{"start":{"line":11,"column":20},"end":{"line":20,"column":5}},"1":{"start":{"line":22,"column":4},"end":{"line":22,"column":19}}},"fnMap":{"0":{"name":"calculate","decl":{"start":{"line":10,"column":16},"end":{"line":10,"column":25}},"loc":{"start":{"line":10,"column":35},"end":{"line":23,"column":1}},"line":10}},"branchMap":{},"s":{"0":2,"1":2},"f":{"0":2},"b":{},"_coverageSchema":"1a1c01bbd47fc00a2c39e90264f33305004495a9","hash":"c6ebdcf59298db937530874a84a55a57134d56e9"}
,"C:\\Users\\Notandi\\Documents\\AAA Háskóli\\Vefforritun 2\\vefforritun2verkefni1\\lib\\filereader.js": {"path":"C:\\Users\\Notandi\\Documents\\AAA Háskóli\\Vefforritun 2\\vefforritun2verkefni1\\lib\\filereader.js","statementMap":{"0":{"start":{"line":4,"column":18},"end":{"line":4,"column":20}},"1":{"start":{"line":5,"column":4},"end":{"line":10,"column":5}},"2":{"start":{"line":6,"column":8},"end":{"line":6,"column":60}},"3":{"start":{"line":8,"column":8},"end":{"line":8,"column":36}},"4":{"start":{"line":9,"column":8},"end":{"line":9,"column":29}},"5":{"start":{"line":11,"column":16},"end":{"line":11,"column":46}},"6":{"start":{"line":12,"column":4},"end":{"line":12,"column":17}}},"fnMap":{"0":{"name":"fileReader","decl":{"start":{"line":3,"column":22},"end":{"line":3,"column":32}},"loc":{"start":{"line":3,"column":43},"end":{"line":13,"column":1}},"line":3}},"branchMap":{},"s":{"0":3,"1":3,"2":3,"3":1,"4":1,"5":2,"6":2},"f":{"0":3},"b":{},"_coverageSchema":"1a1c01bbd47fc00a2c39e90264f33305004495a9","hash":"5bd2561253ebc0205c06c2c663ff6f351b341653"}
,"C:\\Users\\Notandi\\Documents\\AAA Háskóli\\Vefforritun 2\\vefforritun2verkefni1\\lib\\parser.js": {"path":"C:\\Users\\Notandi\\Documents\\AAA Háskóli\\Vefforritun 2\\vefforritun2verkefni1\\lib\\parser.js","statementMap":{"0":{"start":{"line":2,"column":4},"end":{"line":6,"column":5}},"1":{"start":{"line":3,"column":8},"end":{"line":3,"column":20}},"2":{"start":{"line":5,"column":8},"end":{"line":5,"column":21}},"3":{"start":{"line":10,"column":4},"end":{"line":10,"column":54}},"4":{"start":{"line":10,"column":33},"end":{"line":10,"column":52}},"5":{"start":{"line":11,"column":4},"end":{"line":11,"column":68}},"6":{"start":{"line":11,"column":29},"end":{"line":11,"column":66}},"7":{"start":{"line":12,"column":4},"end":{"line":12,"column":59}},"8":{"start":{"line":12,"column":29},"end":{"line":12,"column":57}},"9":{"start":{"line":13,"column":4},"end":{"line":13,"column":58}},"10":{"start":{"line":13,"column":32},"end":{"line":13,"column":56}},"11":{"start":{"line":14,"column":4},"end":{"line":14,"column":15}},"12":{"start":{"line":18,"column":4},"end":{"line":18,"column":33}},"13":{"start":{"line":19,"column":4},"end":{"line":19,"column":44}},"14":{"start":{"line":19,"column":28},"end":{"line":19,"column":42}},"15":{"start":{"line":20,"column":4},"end":{"line":20,"column":15}}},"fnMap":{"0":{"name":"isCorrupt","decl":{"start":{"line":1,"column":9},"end":{"line":1,"column":18}},"loc":{"start":{"line":1,"column":27},"end":{"line":7,"column":1}},"line":1},"1":{"name":"cleanUpNonNumbers","decl":{"start":{"line":9,"column":9},"end":{"line":9,"column":26}},"loc":{"start":{"line":9,"column":32},"end":{"line":15,"column":1}},"line":9},"2":{"name":"(anonymous_2)","decl":{"start":{"line":10,"column":22},"end":{"line":10,"column":23}},"loc":{"start":{"line":10,"column":33},"end":{"line":10,"column":52}},"line":10},"3":{"name":"(anonymous_3)","decl":{"start":{"line":11,"column":18},"end":{"line":11,"column":19}},"loc":{"start":{"line":11,"column":29},"end":{"line":11,"column":66}},"line":11},"4":{"name":"(anonymous_4)","decl":{"start":{"line":12,"column":18},"end":{"line":12,"column":19}},"loc":{"start":{"line":12,"column":29},"end":{"line":12,"column":57}},"line":12},"5":{"name":"(anonymous_5)","decl":{"start":{"line":13,"column":21},"end":{"line":13,"column":22}},"loc":{"start":{"line":13,"column":32},"end":{"line":13,"column":56}},"line":13},"6":{"name":"parseNumbersFromArray","decl":{"start":{"line":17,"column":16},"end":{"line":17,"column":37}},"loc":{"start":{"line":17,"column":43},"end":{"line":21,"column":1}},"line":17},"7":{"name":"(anonymous_7)","decl":{"start":{"line":19,"column":18},"end":{"line":19,"column":19}},"loc":{"start":{"line":19,"column":28},"end":{"line":19,"column":42}},"line":19}},"branchMap":{"0":{"loc":{"start":{"line":2,"column":4},"end":{"line":6,"column":5}},"type":"if","locations":[{"start":{"line":2,"column":4},"end":{"line":6,"column":5}},{"start":{"line":4,"column":11},"end":{"line":6,"column":5}}],"line":2},"1":{"loc":{"start":{"line":2,"column":8},"end":{"line":2,"column":63}},"type":"binary-expr","locations":[{"start":{"line":2,"column":8},"end":{"line":2,"column":23}},{"start":{"line":2,"column":27},"end":{"line":2,"column":46}},{"start":{"line":2,"column":50},"end":{"line":2,"column":63}}],"line":2}},"s":{"0":14,"1":1,"2":13,"3":4,"4":14,"5":4,"6":13,"7":4,"8":13,"9":4,"10":13,"11":4,"12":4,"13":4,"14":7,"15":4},"f":{"0":14,"1":4,"2":14,"3":13,"4":13,"5":13,"6":4,"7":7},"b":{"0":[1,13],"1":[14,14,14]},"_coverageSchema":"1a1c01bbd47fc00a2c39e90264f33305004495a9","hash":"bb1cf01951027e057e5552e6414226f35df0ea60"}
,"C:\\Users\\Notandi\\Documents\\AAA Háskóli\\Vefforritun 2\\vefforritun2verkefni1\\src\\make_dataset_html.js": {"path":"C:\\Users\\Notandi\\Documents\\AAA Háskóli\\Vefforritun 2\\vefforritun2verkefni1\\src\\make_dataset_html.js","statementMap":{"0":{"start":{"line":7,"column":14},"end":{"line":7,"column":39}},"1":{"start":{"line":8,"column":4},"end":{"line":8,"column":37}},"2":{"start":{"line":9,"column":4},"end":{"line":11,"column":5}},"3":{"start":{"line":10,"column":22},"end":{"line":10,"column":36}},"4":{"start":{"line":12,"column":21},"end":{"line":12,"column":45}},"5":{"start":{"line":14,"column":4},"end":{"line":63,"column":5}},"6":{"start":{"line":15,"column":19},"end":{"line":46,"column":12}},"7":{"start":{"line":33,"column":63},"end":{"line":33,"column":127}},"8":{"start":{"line":48,"column":19},"end":{"line":62,"column":12}},"9":{"start":{"line":65,"column":4},"end":{"line":69,"column":5}},"10":{"start":{"line":66,"column":24},"end":{"line":66,"column":81}},"11":{"start":{"line":68,"column":8},"end":{"line":68,"column":57}}},"fnMap":{"0":{"name":"make_dataset_html","decl":{"start":{"line":6,"column":22},"end":{"line":6,"column":39}},"loc":{"start":{"line":6,"column":49},"end":{"line":71,"column":1}},"line":6},"1":{"name":"(anonymous_1)","decl":{"start":{"line":33,"column":54},"end":{"line":33,"column":55}},"loc":{"start":{"line":33,"column":63},"end":{"line":33,"column":127}},"line":33}},"branchMap":{"0":{"loc":{"start":{"line":9,"column":4},"end":{"line":11,"column":5}},"type":"if","locations":[{"start":{"line":9,"column":4},"end":{"line":11,"column":5}},{"start":{},"end":{}}],"line":9},"1":{"loc":{"start":{"line":14,"column":4},"end":{"line":63,"column":5}},"type":"if","locations":[{"start":{"line":14,"column":4},"end":{"line":63,"column":5}},{"start":{"line":47,"column":11},"end":{"line":63,"column":5}}],"line":14}},"s":{"0":1,"1":1,"2":1,"3":1,"4":1,"5":1,"6":1,"7":8,"8":0,"9":1,"10":1,"11":0},"f":{"0":1,"1":8},"b":{"0":[1,0],"1":[1,0]},"_coverageSchema":"1a1c01bbd47fc00a2c39e90264f33305004495a9","hash":"f8dafefc4516a864a76c612e5b3c33d678612c1c"}
,"C:\\Users\\Notandi\\Documents\\AAA Háskóli\\Vefforritun 2\\vefforritun2verkefni1\\src\\make_index_html.js": {"path":"C:\\Users\\Notandi\\Documents\\AAA Háskóli\\Vefforritun 2\\vefforritun2verkefni1\\src\\make_index_html.js","statementMap":{"0":{"start":{"line":4,"column":21},"end":{"line":4,"column":33}},"1":{"start":{"line":5,"column":17},"end":{"line":26,"column":12}},"2":{"start":{"line":19,"column":56},"end":{"line":20,"column":102}},"3":{"start":{"line":27,"column":4},"end":{"line":31,"column":5}},"4":{"start":{"line":28,"column":23},"end":{"line":28,"column":80}},"5":{"start":{"line":30,"column":8},"end":{"line":30,"column":56}}},"fnMap":{"0":{"name":"make_index_html","decl":{"start":{"line":3,"column":22},"end":{"line":3,"column":37}},"loc":{"start":{"line":3,"column":40},"end":{"line":33,"column":1}},"line":3},"1":{"name":"(anonymous_1)","decl":{"start":{"line":19,"column":43},"end":{"line":19,"column":44}},"loc":{"start":{"line":19,"column":56},"end":{"line":20,"column":102}},"line":19}},"branchMap":{},"s":{"0":1,"1":1,"2":12,"3":1,"4":1,"5":0},"f":{"0":1,"1":12},"b":{},"_coverageSchema":"1a1c01bbd47fc00a2c39e90264f33305004495a9","hash":"aa7b1b097bf4df877935905ca13bc6a7dc3445e8"}
}
