TN:
SF:lib\calculate.js
FN:10,calculate
FNF:1
FNH:1
FNDA:2,calculate
DA:11,2
DA:22,2
LF:2
LH:2
BRF:0
BRH:0
end_of_record
TN:
SF:lib\filereader.js
FN:3,fileReader
FNF:1
FNH:1
FNDA:3,fileReader
DA:4,3
DA:5,3
DA:6,3
DA:8,1
DA:9,1
DA:11,2
DA:12,2
LF:7
LH:7
BRF:0
BRH:0
end_of_record
TN:
SF:lib\parser.js
FN:1,isCorrupt
FN:9,cleanUpNonNumbers
FN:10,(anonymous_2)
FN:11,(anonymous_3)
FN:12,(anonymous_4)
FN:13,(anonymous_5)
FN:17,parseNumbersFromArray
FN:19,(anonymous_7)
FNF:8
FNH:8
FNDA:14,isCorrupt
FNDA:4,cleanUpNonNumbers
FNDA:14,(anonymous_2)
FNDA:13,(anonymous_3)
FNDA:13,(anonymous_4)
FNDA:13,(anonymous_5)
FNDA:4,parseNumbersFromArray
FNDA:7,(anonymous_7)
DA:2,14
DA:3,1
DA:5,13
DA:10,14
DA:11,13
DA:12,13
DA:13,13
DA:14,4
DA:18,4
DA:19,7
DA:20,4
LF:11
LH:11
BRDA:2,0,0,1
BRDA:2,0,1,13
BRDA:2,1,0,14
BRDA:2,1,1,14
BRDA:2,1,2,14
BRF:5
BRH:5
end_of_record
TN:
SF:src\make_dataset_html.js
FN:6,make_dataset_html
FN:33,(anonymous_1)
FNF:2
FNH:2
FNDA:1,make_dataset_html
FNDA:8,(anonymous_1)
DA:7,1
DA:8,1
DA:9,1
DA:10,1
DA:12,1
DA:14,1
DA:15,1
DA:33,8
DA:48,0
DA:65,1
DA:66,1
DA:68,0
LF:12
LH:10
BRDA:9,0,0,1
BRDA:9,0,1,0
BRDA:14,1,0,1
BRDA:14,1,1,0
BRF:4
BRH:2
end_of_record
TN:
SF:src\make_index_html.js
FN:3,make_index_html
FN:19,(anonymous_1)
FNF:2
FNH:2
FNDA:1,make_index_html
FNDA:12,(anonymous_1)
DA:4,1
DA:5,1
DA:19,12
DA:27,1
DA:28,1
DA:30,0
LF:6
LH:5
BRF:0
BRH:0
end_of_record
